[INFO ] 2023-07-15 ect - Entered into Dashboard page
[INFO ] 2023-07-15 16:45:32.221 [main] Empmonitor_project - Test case failed 
[INFO ] 2023-07-15 17:19:25.579 [main] Empmonitor_project - -----------*Test Case 1 Starts  *-------------------------
[INFO ] 2023-07-15 17:19:25.787 [main] Empmonitor_project - Enter the email id 
[INFO ] 2023-07-15 17:19:25.927 [main] Empmonitor_project -16:19:44.117 [main] Empmonitor_project - -----------*Test Case 1 Starts  *-------------------------
[INFO ] 2023-07-15 16:19:44.261 [main] Empmonitor_project - Enter the email id 
[INFO ] 2023-07-15 16:19:44.366 [main] Empmonitor_project - Enter the password 
[INFO ] 2023-07-15 16:19:44.470 [main] Empmonitor_project - Clicked on the login button  
[INFO ] 2023-07-15 16:19:44.473 [main] Empmonitor_project - Entered into Dashboard page
[INFO ] 2023-07-15 16:19:55.025 [main] Empmonitor_project - Test case failed 
[INFO ] 2023-07-15 16:41:25.486 [main] Empmonitor_project - -----------*Test Case 1 Starts  *-------------------------
[INFO ] 2023-07-15 16:41:25.626 [main] Empmonitor_project - Enter the email id 
[INFO ] 2023-07-15 16:41:25.737 [main] Empmonitor_project - Enter the password 
[INFO ] 2023-07-15 16:41:25.854 [main] Empmonitor_project - Clicked on the login button  
[INFO ] 2023-07-15 16:41:25.857 [main] Empmonitor_project - Entered into Dashboard page
[INFO ] 2023-07-15 16:41:46.120 [main] Empmonitor_project - Test case failed 
[INFO ] 2023-07-15 16:45:20.071 [main] Empmonitor_project - -----------*Test Case 1 Starts  *-------------------------
[INFO ] 2023-07-15 16:45:20.230 [main] Empmonitor_project - Enter the email id 
[INFO ] 2023-07-15 16:45:20.359 [main] Empmonitor_project - Enter the password 
[INFO ] 2023-07-15 16:45:20.486 [main] Empmonitor_project - Clicked on the login button  
[INFO ] 2023-07-15 16:45:20.489 [main] Empmonitor_proj Enter the password 
[INFO ] 2023-07-15 17:19:26.190 [main] Empmonitor_project - Clicked on the login button  
[INFO ] 2023-07-15 17:19:26.198 [main] Empmonitor_project - Entered into Dashboard page
[INFO ] 2023-07-15 17:19:35.637 [main] Empmonitor_project - Test case failed 
